PLINK v1.9.0-b.8 64-bit (22 Oct 2024)
Options in effect:
  --a1-allele EUR.a1
  --bfile EUR
  --exclude EUR.mismatch
  --extract EUR.QC.snplist
  --keep EUR.QC.rel.id
  --make-bed
  --out EUR.QC

Hostname: silverblue
Working directory: /var/home/brettgilio/Projects/prs-tutorial
Start time: Thu Jun  5 10:21:20 2025

Random number seed: 1749136880
23771 MB RAM detected; reserving 11885 MB for main workspace.
551892 variants loaded from .bim file.
503 people (240 males, 263 females) loaded from .fam.
--extract: 540534 variants remaining.
--exclude: 489805 variants remaining.
--keep: 483 people remaining.
Using 1 thread (no multithreaded calculations invoked).
Before main variant filters, 483 founders and 0 nonfounders present.
Calculating allele frequencies... done.
Total genotyping rate in remaining samples is exactly 1.
--a1-allele: 489805 assignments made.
489805 variants and 483 people pass filters and QC.
Note: No phenotypes present.
--make-bed to EUR.QC.bed + EUR.QC.bim + EUR.QC.fam ... done.

End time: Thu Jun  5 10:21:21 2025
